 X & Y VALUES
           1        1.335800000000000       81.273267300000000
           2        3.281947206000000       60.469766500000000
           3        3.282907331000000       60.217454300000000
           4        3.283697642000000       60.205466200000000
           5        3.297504109000000       60.150152900000000
           6        3.309850152000000       60.119049300000000
           7        3.310937195000000       60.102619500000000
           8        3.320024896000000       60.071996900000000
           9        3.327939251000000       60.038923900000000
          10        3.334762308000000       60.001736500000000
          11        3.342198542000000       59.975734800000000
          12        3.349032645000000       59.944656200000000
          13        3.355601610000000       59.913820900000000
          14        3.361414720000000       59.877350700000000
          15        3.368372156000000       59.857418400000000
          16        3.369724535000000       59.840139900000000
          17        3.375831810000000       59.812787900000000
          18        3.381832423000000       59.781948200000000
          19        3.387297277000000       59.743162900000000
          20        3.393548234000000       59.726438800000000
          21        3.394892656000000       59.706804200000000
          22        3.400778686000000       59.678057100000000
          23        3.406689204000000       59.644733700000000
          24        3.412134996000000       59.602550600000000
          25        3.418287213000000       59.584294400000000
          26        3.419632380000000       59.562990700000000
          27        3.425560742000000       59.531011000000000
          28        3.431513322000000       59.494138100000000
          29        3.437005229000000       59.447455300000000
          30        3.443113064000000       59.427096900000000
          31        3.444449292000000       59.403939600000000
          32        3.450440518000000       59.367987200000000
          33        3.456423140000000       59.326861900000000
          34        3.461832901000000       59.275949000000000
          35        3.467711129000000       59.254053800000000
          36        3.469008551000000       59.228522400000000
          37        3.474958442000000       59.189633000000000
          38        3.480807459000000       59.145103000000000
          39        3.486598066000000       59.099737400000000
          40        3.492316512000000       59.053676300000000
          41        3.497944924000000       59.007321300000000
          42        3.503477998000000       58.960794200000000
          43        3.508905306000000       58.913836100000000
          44        3.514224287000000       58.866779500000000
          45        3.519423353000000       58.820135600000000
          46        3.524507579000000       58.773184800000000
          47        3.529472248000000       58.726585400000000
          48        3.534318322000000       58.680121900000000
          49        3.539047764000000       58.633940200000000
          50        3.543260956000000       58.587598300000000
          51        3.547837664000000       58.544944400000000
          52        3.552242785000000       58.499798500000000
          53        3.556544961000000       58.455002600000000
          54        3.560755754000000       58.410415800000000
          55        3.564874572000000       58.366303600000000
          56        3.568909650000000       58.322286300000000
          57        3.572862742000000       58.278537300000000
          58        3.576743462000000       58.235080500000000
          59        3.580555138000000       58.191795100000000
          60        3.584306014000000       58.148670300000000
          61        3.587993914000000       58.105762500000000
          62        3.591624147000000       58.062977400000000
          63        3.595207497000000       58.020396500000000
          64        3.598745333000000       57.977886800000000
          65        3.602235882000000       57.935327400000000
          66        3.605689546000000       57.892763300000000
          67        3.609101420000000       57.850287600000000
          68        3.612478562000000       57.807860300000000
          69        3.615819581000000       57.765328200000000
          70        3.619170535000000       57.722532100000000
          71        3.624759679000000       57.653268500000000
          72        3.629025041000000       57.590368800000000
          73        3.630828395000000       57.569178800000000
          74        3.636931257000000       57.487371900000000
          75        3.638282378000000       57.462473800000000
          76        3.642290107000000       57.418774600000000
          77        3.645998784000000       57.354385900000000
          78        3.647774272000000       57.335106700000000
          79        3.650947127000000       57.290160500000000
          80        3.656918778000000       57.207312200000000
          81        3.661071225000000       57.141424300000000
          82        3.663463236000000       57.108224700000000
          83        3.668970171000000       57.026398600000000
          84        3.673377288000000       56.957728200000000
          85        3.677830483000000       56.890326600000000
          86        3.682312970000000       56.817820000000000
          87        3.686721550000000       56.749858700000000
          88        3.691226627000000       56.673992400000000
          89        3.695544914000000       56.606378300000000
          90        3.699160113000000       56.542968000000000
          91        3.702336724000000       56.475100400000000
          92        3.703560611000000       56.470115300000000
          93        3.709759766000000       56.363748500000000
          94        3.711520058000000       56.337784400000000
          95        3.714612031000000       56.283885900000000
          96        3.720430094000000       56.183570400000000
          97        3.724453084000000       56.106445300000000
          98        3.726245225000000       56.075625900000000
          99        3.731905338000000       55.971439100000000
         100        3.733191417000000       55.942112800000000
         101        3.736564597000000       55.887517200000000
         102        3.740577768000000       55.804134900000000
         103        3.742384527000000       55.771227200000000
         104        3.748058494000000       55.660733100000000
         105        3.749558489000000       55.627715200000000
         106        3.754134960000000       55.541005200000000
         107        3.755861196000000       55.504487500000000
         108        3.759924651000000       55.418120200000000
         109        3.762413033000000       55.373401100000000
         110        3.764300011000000       55.331574300000000
         111        3.769079447000000       55.227355700000000
         112        3.771476015000000       55.183079700000000
         113        3.773167891000000       55.144435300000000
         114        3.777540243000000       55.047389000000000
         115        3.781705288000000       54.960695900000000
         116        3.784675931000000       54.890710100000000
         117        3.787464904000000       54.832985800000000
         118        3.789107654000000       54.792213700000000
         119        3.791300410000000       54.744561200000000
         120        3.795279755000000       54.656243800000000
         121        3.798865460000000       54.572405700000000
         122        3.802863440000000       54.480086300000000
         123        3.806750505000000       54.388443100000000
         124        3.808212374000000       54.354231400000000
         125        3.811580873000000       54.274541700000000
         126        3.815079904000000       54.191947800000000
         127        3.818801734000000       54.100435500000000
         128        3.821207108000000       54.044420600000000
         129        3.824701943000000       53.956332100000000
         130        3.825281328000000       53.943235700000000
         131        3.827546802000000       53.887693800000000
         132        3.831097100000000       53.801266300000000
         133        3.834620450000000       53.711823600000000
         134        3.835140435000000       53.699582500000000
         135        3.836758870000000       53.659249000000000
         136        3.838572418000000       53.613988900000000
         137        3.840526951000000       53.565032900000000
         138        3.842563460000000       53.513922900000000
         139        3.844750771000000       53.458668400000000
         140        3.846905946000000       53.404071600000000
         141        3.850330147000000       53.320095500000000
         142        3.853744433000000       53.230826700000000
         143        3.854849773000000       53.202434200000000
         144        3.857090283000000       53.145203700000000
         145        3.859703186000000       53.078187500000000
         146        3.864594518000000       52.953306900000000
         147        3.866483677000000       52.903968000000000
         148        3.869377053000000       52.829491200000000
         149        3.872267316000000       52.754779800000000
         150        3.875138378000000       52.680538700000000
         151        3.878028090000000       52.605593900000000
         152        3.880803684000000       52.533317700000000
         153        3.883563801000000       52.461432600000000
         154        3.886399627000000       52.387417500000000
         155        3.889083471000000       52.317173000000000
         156        3.894036884000000       52.188442200000000
         157        3.895423925000000       52.151113000000000
         158        3.898123122000000       52.080305400000000
         159        3.901151395000000       52.000837300000000
         160        3.903855710000000       51.929623800000000
         161        3.906730844000000       51.854100200000000
         162        3.909957025000000       51.769139100000000
         163        3.912764522000000       51.695213800000000
         164        3.915535745000000       51.622349000000000
         165        3.918657622000000       51.540555100000000
         166        3.921657716000000       51.461787400000000
         167        3.924820002000000       51.378986000000000
         168        3.928044456000000       51.294871500000000
         169        3.931508558000000       51.204643000000000
         170        3.934791262000000       51.119042700000000
         171        3.938046704000000       51.034641300000000
         172        3.941209193000000       50.952612300000000
         173        3.944585043000000       50.865696800000000
         174        3.947895394000000       50.780610700000000
         175        3.951288689000000       50.693888100000000
         176        3.954623348000000       50.608753000000000
         177        3.957926234000000       50.524738000000000
         178        3.960909659000000       50.449264200000000
         179        3.964058561000000       50.380483900000000
         180        3.967538731000000       50.285640700000000
         181        3.970876721000000       50.205430200000000
         182        3.972547573000000       50.127234800000000
         183        3.976919443000000       50.041958400000000
         184        3.981110112000000       49.936357800000000
         185        3.984191005000000       49.862654000000000
         186        3.986789665000000       49.801460600000000
         187        3.989840370000000       49.728244900000000
         188        3.992688110000000       49.660741600000000
         189        3.997408510000000       49.640274200000000
         190        3.998436688000000       49.981051900000000
         191        3.999377838000000       50.384350700000000
         192        3.999741470000000       50.556358400000000
 MAXNUM OF DATA POINTS:        192
 ----------------------------------------------------
 LINEAR GRADIENT VALUES
           1           2      -10.689582337791570
           2           3     -262.790990756355700
           3           4      -15.168838596459130
           4           5       -4.006332684530642
           5           6       -2.519317322967499
           6           7      -15.114213513169580
           7           8       -3.369675124654883
           8           9       -4.178862333064605
           9          10       -5.450254922390377
          10          11       -3.496622080478070
          11          12       -4.547575592583597
          12          13       -4.694088033655150
          13          14       -6.273784600669203
          14          15       -2.864891606620704
          15          16      -12.776374078569990
          16          17       -4.478593153247502
          17          18       -5.139424922086274
          18          19       -7.097225287263108
          19          20       -2.675446335657928
          20          21      -14.604491744401730
          21          22       -4.883954040329973
          22          23       -5.637982999120230
          23          24       -7.745999112710272
          24          25       -2.967418086846131
          25          26      -15.837215750907490
          26          27       -5.394356822339818
          27          28       -6.194440057924502
          28          29       -8.500289607962799
          29          30       -3.333161422991874
          30          31      -17.330350808395910
          31          32       -6.000841897801424
          32          33       -6.874126428179030
          33          34       -9.411303013201319
          34          35       -3.724795975929578
          35          36      -19.678562564839870
          36          37       -6.536153351380863
          37          38       -7.613245097424271
          38          39       -7.834342755431061
          39          40       -8.054828182342440
          40          41       -8.235893179105881
          41          42       -8.408906152348143
          42          43       -8.652189999168378
          43          44       -8.846920114961709
          44          45       -8.971592205214677
          45          46       -9.234601294277727
          46          47       -9.386204800361286
          47          48       -9.587864320683943
          48          49       -9.764724887206945
          49          50      -10.999237632653670
          50          51       -9.319777447022629
          51          52      -10.248503957099310
          52          53      -10.412382013193540
          53          54      -10.588694338571920
          54          55      -10.709917262671680
          55          56      -10.908661493036180
          56          57      -11.067033097130410
          57          58      -11.198128182398980
          58          59      -11.356001926712740
          59          60      -11.497260906518470
          60          61      -11.634751484584970
          61          62      -11.785772428380310
          62          63      -11.882986590761310
          63          64      -12.015735042550400
          64          65      -12.192752486787330
          65          66      -12.324331492583630
          66          67      -12.449375328630130
          67          68      -12.563078484706260
          68          69      -12.730277798482280
          69          70      -12.771318257426350
          70          71      -12.392523792552030
          71          72      -14.746626429363690
          72          73      -11.750327445412710
          73          74      -13.404678001895240
          74          75      -18.427735191743250
          75          76      -10.903731265262390
          76          77      -17.361635968837480
          77          78      -10.858535794103710
          78          79      -14.165853781531210
          79          80      -13.873600449858480
          80          81      -15.867246469370700
          81          82      -13.879367611602330
          82          83      -14.858737210445700
          83          84      -15.581705681967530
          84          85      -15.135559974354850
          85          86      -16.175529343422080
          86          87      -15.415689405658280
          87          88      -16.840178314377170
          88          89      -15.657620718584970
          89          90      -17.539919655875590
          90          91      -21.364781523455160
          91          92       -4.073170153779392
          92          93      -17.158273990568610
          93          94      -14.749882405873930
          94          95      -17.431749889146510
          95          96      -17.242078678075660
          96          97      -19.171089165026200
          97          98      -17.196972782831410
          98          99      -18.407194344000640
          99         100      -22.802876028607940
         100         101      -16.185202094165610
         101         102      -20.777161003106290
         102         103      -18.213663250053730
         103         104      -19.473870750393670
         104         105      -22.012006706690660
         105         106      -18.946913462359100
         106         107      -21.154523483460690
         107         108      -21.254646600001710
         108         109      -17.971155554087950
         109         110      -22.166024193183070
         110         111      -21.805627274849740
         111         112      -18.474752229019440
         112         113      -22.841153843430650
         113         114      -22.195445380426470
         114         115      -20.814444981987490
         115         116      -23.559141909677920
         116         117      -20.697331956959950
         117         118      -24.819418657744670
         118         119      -21.731784110954490
         119         120      -22.193954030121650
         120         121      -23.381203975230530
         121         122      -23.091511213162000
         122         123      -23.576451641532690
         123         124      -23.402712554957160
         124         125      -23.657332242046800
         125         126      -23.604792298210030
         126         127      -24.587984942890950
         127         128      -23.287397302874520
         128         129      -25.205338735591620
         129         130      -22.603968000543980
         130         131      -24.516679511660260
         131         132      -24.343731145948980
         132         133      -25.385698270111800
         133         134      -23.541255997779780
         134         135      -24.921297426212410
         135         136      -24.956659542511670
         136         137      -25.047415418414690
         137         138      -25.096869201169750
         138         139      -25.261382583452110
         139         140      -25.332884800538220
         140         141      -24.524290484115640
         141         142      -26.145671452245360
         142         143      -25.686666546040850
         143         144      -25.543514646221780
         144         145      -25.648177525151330
         145         146      -25.531000553631170
         146         147      -26.116859406751880
         147         148      -25.740449910417290
         148         149      -25.849343122062730
         149         150      -25.858410581171530
         150         151      -25.935041277469020
         151         152      -26.039903530560780
         152         153      -26.044222038409920
         153         154      -26.100014598925700
         154         155      -26.173093518100410
         155         156      -25.988303418269500
         156         157      -26.912830983370010
         157         158      -26.232838877636350
         158         159      -26.242052813600520
         159         160      -26.333285878305530
         160         161      -26.267853950461210
         161         162      -26.334883256704970
         162         163      -26.331390558924740
         163         164      -26.293372998127310
         164         165      -26.200231463316460
         165         166      -26.255077340910960
         166         167      -26.184032690273690
         167         168      -26.086431997481090
         168         169      -26.046721487992710
         169         170      -26.076155510820880
         170         171      -25.926249031623330
         171         172      -25.938113934940010
         172         173      -25.746256498363470
         173         174      -25.703044782865200
         174         175      -25.557047058978220
         175         176      -25.530376569238530
         176         177      -25.436845231717890
         177         178      -25.297703143198330
         178         179      -21.842629589616080
         179         180      -27.252461805026640
         180         181      -24.029580675793340
         181         182      -46.799716551806240
         182         183      -19.505703509024510
         183         184      -25.198983742211640
         184         185      -23.922869116196520
         185         186      -23.548059384453420
         186         187      -23.999600092436010
         187         188      -23.704165408358490
         188         189       -4.335946106262358
         189         190      331.438427976514400
         190         191      428.517027041361300
         191         192      473.026851322217300
 ----------------------------------------------------
 SECOND DERIVATIVES
           2     -397.908769956812400
           3    47528.958787887540000
           4      529.328177062522400
           5       72.022094306775780
           6    -2124.809367693692000
           7     2117.828629748552000
           8     -485.476582303626300
           9     -141.908200734251600
          10      337.149543134267500
          11     -224.347146458141700
          12       81.844233815537860
          13     -428.570914764092100
          14      943.004367018269900
          15    -2729.465679020248000
          16     2074.921684343202000
          17     -396.633166184219800
          18     -493.561831072396400
          19     1299.247664184051000
          20    -3502.648261843093000
          21     2505.161181384588000
          22     -475.124558213855600
          23     -529.786901714419900
          24     1416.028094888510000
          25    -3790.760760506276000
          26     2674.783377335984000
          27     -503.578809311745000
          28     -575.462461107442300
          29     1533.096536013748000
          30    -4116.831982069526000
          31     2883.319356276524000
          32     -547.639462984778800
          33     -642.251012733947600
          34     1741.578448429582000
          35    -4812.231039652416000
          36     3422.966385710770000
          37     -779.386524551190200
          38      101.756959309786100
          39      -52.557943494203530
          40      -19.672918069688890
          41      -21.992328373368120
          42      -36.426556477503120
          43      -28.579840598177560
          44      -11.396497950685330
          45      -47.282392217031760
          46      -15.486076582308120
          47      -42.900171850271400
          48       24.205602452334380
          49     -360.960041720759300
          50      489.069662989390500
          51     -297.157302451326900
          52       19.569186262745930
          53      -42.711071755728990
          54      -15.302864518227000
          55      -41.897515109491000
          56      -29.073505761304800
          57      -23.456832624297300
          58      -32.874709940196450
          59      -27.680086157795420
          60      -26.958207814764770
          61      -34.245076748742190
          62      -16.761478547092400
          63      -27.855448569852360
          64      -41.609268205098430
          65      -26.422917896782840
          66      -28.418040111635630
          67      -22.756921024531400
          68      -37.175290331320790
          69      -53.029072277498510
          70      211.208206434795200
          71     -733.287883275188200
          72      993.729498047097200
          73     -505.497259593016600
          74    -1745.981621822533000
          75     3236.374987139083000
          76    -3016.919284767299000
          77     3128.499884455291000
          78    -1247.958677209432000
          79      310.949284767907400
          80     -615.599460046451700
          81      665.157125179824700
          82     -281.213155212920100
          83     -123.896675368652500
          84      173.116158796514100
          85     -311.614251421416800
          86      296.192470280042200
          87     -439.465853653624800
          88      411.564464792022900
          89     -321.799149485345900
          90    -1863.812588673333000
          91     6613.119274184372000
          92    -4923.778050195278000
          93     2175.243098171613000
          94    -1004.354608874679000
          95      260.106892381022600
          96     -617.568973423940400
          97      714.909230988290000
          98     -367.191190232817100
          99    -1652.518796517278000
         100     2908.284146765561000
         101    -2146.050601359717000
         102     1159.999267141448000
         103     -470.987870915267300
         104     -798.311188899137100
         105     1355.751664505422000
         106     -908.931449985909600
         107     -149.123587568418500
         108     1381.300531461110000
         109    -1593.116626584110000
         110      117.775450392688500
         111     1265.878523745883000
         112    -1790.301203429084000
         113      243.020889711227900
         114      463.707922905860600
         115    -1161.132163229241000
         116     1666.613574456464000
         117    -2467.568691712370000
         118     1510.452368302573000
         119     -258.463303059251100
         120     -290.320444534539800
         121      154.823936485827100
         122     -198.796083139510200
         123      128.352276071232800
         124     -125.467431557824800
         125      107.110872094260400
         126     -411.247850730549300
         127      683.301964174368900
         128    -1091.724178034573000
         129     1720.123048092323000
         130    -1053.416307791857000
         131      281.847549265440300
         132     -522.298336877047400
         133     1307.418941066473000
         134    -1172.563122211329000
         135      169.709908561714000
         136      -73.033188363540220
         137       -2.188495599153880
         138      -58.032133097470280
         139     -112.403878559202400
         140      421.684505457357200
         141     -729.628360931676900
         142      379.851116416408000
         143       48.872320010092240
         144      -54.877429839316520
         145       67.886809727070800
         146     -227.044876666508900
         147      188.566517551215200
         148      -71.372310167560930
         149       12.698751263499550
         150      -23.474568199044830
         151      -34.395511162203530
         152        6.613735778087419
         153      -14.520404367204230
         154      -41.939224865762260
         155       97.139041532845350
         156     -383.495787397469300
         157      335.285262375069900
         158      -52.473591304711910
         159      -27.878597727548150
         160       31.806659970689920
         161      -28.569779995571380
         162        5.492917981055417
         163        5.917340476978526
         164       35.143993317975150
         165      -27.543724358788110
         166       22.975638944044950
         167       24.055126352141030
         168       11.264713744534310
         169      -19.480395003950700
         170       53.470229097631280
         171      -23.400272980756790
         172       63.123553586021620
         173       -5.504218911025498
         174       46.307246970826360
         175      -10.641357244855160
         176       65.510069872302410
         177     -222.518585533748100
         178     1529.898593356140000
         179    -2303.905396960693000
         180     2591.332458876323000
         181    -9959.251602202885000
         182     9510.594995076621000
         183    -3399.638754525745000
         184     1112.716016272916000
         185      -23.881427834942920
         186     -249.882745873326000
         187      561.629686035230600
         188    -1989.829361939456000
         189   144741.817479484400000
         190    92941.886723647370000
         191      -22.457112992953040
 ----------------------------------------------------
 RESULTS
        1.335800000000000,      81.273267300000000,  0.000000000000000E+000
        3.281947206000000,      60.469766500000000,    -397.908769956812400
        3.282907331000000,      60.217454300000000,   47528.958787887540000
        3.283697642000000,      60.205466200000000,     529.328177062522400
        3.297504109000000,      60.150152900000000,      72.022094306775780
        3.309850152000000,      60.119049300000000,   -2124.809367693692000
        3.310937195000000,      60.102619500000000,    2117.828629748552000
        3.320024896000000,      60.071996900000000,    -485.476582303626300
        3.327939251000000,      60.038923900000000,    -141.908200734251600
        3.334762308000000,      60.001736500000000,     337.149543134267500
        3.342198542000000,      59.975734800000000,    -224.347146458141700
        3.349032645000000,      59.944656200000000,      81.844233815537860
        3.355601610000000,      59.913820900000000,    -428.570914764092100
        3.361414720000000,      59.877350700000000,     943.004367018269900
        3.368372156000000,      59.857418400000000,   -2729.465679020248000
        3.369724535000000,      59.840139900000000,    2074.921684343202000
        3.375831810000000,      59.812787900000000,    -396.633166184219800
        3.381832423000000,      59.781948200000000,    -493.561831072396400
        3.387297277000000,      59.743162900000000,    1299.247664184051000
        3.393548234000000,      59.726438800000000,   -3502.648261843093000
        3.394892656000000,      59.706804200000000,    2505.161181384588000
        3.400778686000000,      59.678057100000000,    -475.124558213855600
        3.406689204000000,      59.644733700000000,    -529.786901714419900
        3.412134996000000,      59.602550600000000,    1416.028094888510000
        3.418287213000000,      59.584294400000000,   -3790.760760506276000
        3.419632380000000,      59.562990700000000,    2674.783377335984000
        3.425560742000000,      59.531011000000000,    -503.578809311745000
        3.431513322000000,      59.494138100000000,    -575.462461107442300
        3.437005229000000,      59.447455300000000,    1533.096536013748000
        3.443113064000000,      59.427096900000000,   -4116.831982069526000
        3.444449292000000,      59.403939600000000,    2883.319356276524000
        3.450440518000000,      59.367987200000000,    -547.639462984778800
        3.456423140000000,      59.326861900000000,    -642.251012733947600
        3.461832901000000,      59.275949000000000,    1741.578448429582000
        3.467711129000000,      59.254053800000000,   -4812.231039652416000
        3.469008551000000,      59.228522400000000,    3422.966385710770000
        3.474958442000000,      59.189633000000000,    -779.386524551190200
        3.480807459000000,      59.145103000000000,     101.756959309786100
        3.486598066000000,      59.099737400000000,     -52.557943494203530
        3.492316512000000,      59.053676300000000,     -19.672918069688890
        3.497944924000000,      59.007321300000000,     -21.992328373368120
        3.503477998000000,      58.960794200000000,     -36.426556477503120
        3.508905306000000,      58.913836100000000,     -28.579840598177560
        3.514224287000000,      58.866779500000000,     -11.396497950685330
        3.519423353000000,      58.820135600000000,     -47.282392217031760
        3.524507579000000,      58.773184800000000,     -15.486076582308120
        3.529472248000000,      58.726585400000000,     -42.900171850271400
        3.534318322000000,      58.680121900000000,      24.205602452334380
        3.539047764000000,      58.633940200000000,    -360.960041720759300
        3.543260956000000,      58.587598300000000,     489.069662989390500
        3.547837664000000,      58.544944400000000,    -297.157302451326900
        3.552242785000000,      58.499798500000000,      19.569186262745930
        3.556544961000000,      58.455002600000000,     -42.711071755728990
        3.560755754000000,      58.410415800000000,     -15.302864518227000
        3.564874572000000,      58.366303600000000,     -41.897515109491000
        3.568909650000000,      58.322286300000000,     -29.073505761304800
        3.572862742000000,      58.278537300000000,     -23.456832624297300
        3.576743462000000,      58.235080500000000,     -32.874709940196450
        3.580555138000000,      58.191795100000000,     -27.680086157795420
        3.584306014000000,      58.148670300000000,     -26.958207814764770
        3.587993914000000,      58.105762500000000,     -34.245076748742190
        3.591624147000000,      58.062977400000000,     -16.761478547092400
        3.595207497000000,      58.020396500000000,     -27.855448569852360
        3.598745333000000,      57.977886800000000,     -41.609268205098430
        3.602235882000000,      57.935327400000000,     -26.422917896782840
        3.605689546000000,      57.892763300000000,     -28.418040111635630
        3.609101420000000,      57.850287600000000,     -22.756921024531400
        3.612478562000000,      57.807860300000000,     -37.175290331320790
        3.615819581000000,      57.765328200000000,     -53.029072277498510
        3.619170535000000,      57.722532100000000,     211.208206434795200
        3.624759679000000,      57.653268500000000,    -733.287883275188200
        3.629025041000000,      57.590368800000000,     993.729498047097200
        3.630828395000000,      57.569178800000000,    -505.497259593016600
        3.636931257000000,      57.487371900000000,   -1745.981621822533000
        3.638282378000000,      57.462473800000000,    3236.374987139083000
        3.642290107000000,      57.418774600000000,   -3016.919284767299000
        3.645998784000000,      57.354385900000000,    3128.499884455291000
        3.647774272000000,      57.335106700000000,   -1247.958677209432000
        3.650947127000000,      57.290160500000000,     310.949284767907400
        3.656918778000000,      57.207312200000000,    -615.599460046451700
        3.661071225000000,      57.141424300000000,     665.157125179824700
        3.663463236000000,      57.108224700000000,    -281.213155212920100
        3.668970171000000,      57.026398600000000,    -123.896675368652500
        3.673377288000000,      56.957728200000000,     173.116158796514100
        3.677830483000000,      56.890326600000000,    -311.614251421416800
        3.682312970000000,      56.817820000000000,     296.192470280042200
        3.686721550000000,      56.749858700000000,    -439.465853653624800
        3.691226627000000,      56.673992400000000,     411.564464792022900
        3.695544914000000,      56.606378300000000,    -321.799149485345900
        3.699160113000000,      56.542968000000000,   -1863.812588673333000
        3.702336724000000,      56.475100400000000,    6613.119274184372000
        3.703560611000000,      56.470115300000000,   -4923.778050195278000
        3.709759766000000,      56.363748500000000,    2175.243098171613000
        3.711520058000000,      56.337784400000000,   -1004.354608874679000
        3.714612031000000,      56.283885900000000,     260.106892381022600
        3.720430094000000,      56.183570400000000,    -617.568973423940400
        3.724453084000000,      56.106445300000000,     714.909230988290000
        3.726245225000000,      56.075625900000000,    -367.191190232817100
        3.731905338000000,      55.971439100000000,   -1652.518796517278000
        3.733191417000000,      55.942112800000000,    2908.284146765561000
        3.736564597000000,      55.887517200000000,   -2146.050601359717000
        3.740577768000000,      55.804134900000000,    1159.999267141448000
        3.742384527000000,      55.771227200000000,    -470.987870915267300
        3.748058494000000,      55.660733100000000,    -798.311188899137100
        3.749558489000000,      55.627715200000000,    1355.751664505422000
        3.754134960000000,      55.541005200000000,    -908.931449985909600
        3.755861196000000,      55.504487500000000,    -149.123587568418500
        3.759924651000000,      55.418120200000000,    1381.300531461110000
        3.762413033000000,      55.373401100000000,   -1593.116626584110000
        3.764300011000000,      55.331574300000000,     117.775450392688500
        3.769079447000000,      55.227355700000000,    1265.878523745883000
        3.771476015000000,      55.183079700000000,   -1790.301203429084000
        3.773167891000000,      55.144435300000000,     243.020889711227900
        3.777540243000000,      55.047389000000000,     463.707922905860600
        3.781705288000000,      54.960695900000000,   -1161.132163229241000
        3.784675931000000,      54.890710100000000,    1666.613574456464000
        3.787464904000000,      54.832985800000000,   -2467.568691712370000
        3.789107654000000,      54.792213700000000,    1510.452368302573000
        3.791300410000000,      54.744561200000000,    -258.463303059251100
        3.795279755000000,      54.656243800000000,    -290.320444534539800
        3.798865460000000,      54.572405700000000,     154.823936485827100
        3.802863440000000,      54.480086300000000,    -198.796083139510200
        3.806750505000000,      54.388443100000000,     128.352276071232800
        3.808212374000000,      54.354231400000000,    -125.467431557824800
        3.811580873000000,      54.274541700000000,     107.110872094260400
        3.815079904000000,      54.191947800000000,    -411.247850730549300
        3.818801734000000,      54.100435500000000,     683.301964174368900
        3.821207108000000,      54.044420600000000,   -1091.724178034573000
        3.824701943000000,      53.956332100000000,    1720.123048092323000
        3.825281328000000,      53.943235700000000,   -1053.416307791857000
        3.827546802000000,      53.887693800000000,     281.847549265440300
        3.831097100000000,      53.801266300000000,    -522.298336877047400
        3.834620450000000,      53.711823600000000,    1307.418941066473000
        3.835140435000000,      53.699582500000000,   -1172.563122211329000
        3.836758870000000,      53.659249000000000,     169.709908561714000
        3.838572418000000,      53.613988900000000,     -73.033188363540220
        3.840526951000000,      53.565032900000000,      -2.188495599153880
        3.842563460000000,      53.513922900000000,     -58.032133097470280
        3.844750771000000,      53.458668400000000,    -112.403878559202400
        3.846905946000000,      53.404071600000000,     421.684505457357200
        3.850330147000000,      53.320095500000000,    -729.628360931676900
        3.853744433000000,      53.230826700000000,     379.851116416408000
        3.854849773000000,      53.202434200000000,      48.872320010092240
        3.857090283000000,      53.145203700000000,     -54.877429839316520
        3.859703186000000,      53.078187500000000,      67.886809727070800
        3.864594518000000,      52.953306900000000,    -227.044876666508900
        3.866483677000000,      52.903968000000000,     188.566517551215200
        3.869377053000000,      52.829491200000000,     -71.372310167560930
        3.872267316000000,      52.754779800000000,      12.698751263499550
        3.875138378000000,      52.680538700000000,     -23.474568199044830
        3.878028090000000,      52.605593900000000,     -34.395511162203530
        3.880803684000000,      52.533317700000000,       6.613735778087419
        3.883563801000000,      52.461432600000000,     -14.520404367204230
        3.886399627000000,      52.387417500000000,     -41.939224865762260
        3.889083471000000,      52.317173000000000,      97.139041532845350
        3.894036884000000,      52.188442200000000,    -383.495787397469300
        3.895423925000000,      52.151113000000000,     335.285262375069900
        3.898123122000000,      52.080305400000000,     -52.473591304711910
        3.901151395000000,      52.000837300000000,     -27.878597727548150
        3.903855710000000,      51.929623800000000,      31.806659970689920
        3.906730844000000,      51.854100200000000,     -28.569779995571380
        3.909957025000000,      51.769139100000000,       5.492917981055417
        3.912764522000000,      51.695213800000000,       5.917340476978526
        3.915535745000000,      51.622349000000000,      35.143993317975150
        3.918657622000000,      51.540555100000000,     -27.543724358788110
        3.921657716000000,      51.461787400000000,      22.975638944044950
        3.924820002000000,      51.378986000000000,      24.055126352141030
        3.928044456000000,      51.294871500000000,      11.264713744534310
        3.931508558000000,      51.204643000000000,     -19.480395003950700
        3.934791262000000,      51.119042700000000,      53.470229097631280
        3.938046704000000,      51.034641300000000,     -23.400272980756790
        3.941209193000000,      50.952612300000000,      63.123553586021620
        3.944585043000000,      50.865696800000000,      -5.504218911025498
        3.947895394000000,      50.780610700000000,      46.307246970826360
        3.951288689000000,      50.693888100000000,     -10.641357244855160
        3.954623348000000,      50.608753000000000,      65.510069872302410
        3.957926234000000,      50.524738000000000,    -222.518585533748100
        3.960909659000000,      50.449264200000000,    1529.898593356140000
        3.964058561000000,      50.380483900000000,   -2303.905396960693000
        3.967538731000000,      50.285640700000000,    2591.332458876323000
        3.970876721000000,      50.205430200000000,   -9959.251602202885000
        3.972547573000000,      50.127234800000000,    9510.594995076621000
        3.976919443000000,      50.041958400000000,   -3399.638754525745000
        3.981110112000000,      49.936357800000000,    1112.716016272916000
        3.984191005000000,      49.862654000000000,     -23.881427834942920
        3.986789665000000,      49.801460600000000,    -249.882745873326000
        3.989840370000000,      49.728244900000000,     561.629686035230600
        3.992688110000000,      49.660741600000000,   -1989.829361939456000
        3.997408510000000,      49.640274200000000,  144741.817479484400000
        3.998436688000000,      49.981051900000000,   92941.886723647370000
        3.999377838000000,      50.384350700000000,     -22.457112992953040
        3.999741470000000,      50.556358400000000,  0.000000000000000E+000
